<?xml version="1.0" encoding="UTF-8"?>
<!-- Generated by org.testng.reporters.JUnitXMLReporter -->
<testsuite ignored="0" hostname="DESKTOP-VI0RFGV" failures="1" tests="1" name="Test" time="0.075" errors="0" timestamp="2022-12-13T00:37:25 IST">
  <testcase classname="testcases.testcase1" name="method1" time="0.012">
    <failure type="java.lang.Error" message="Unresolved compilation problems: 
	Syntax error on token &amp;quot;enter&amp;quot;, instanceof expected after this token
	enter cannot be resolved to a variable
	The Java feature &amp;apos;Pattern Matching in instanceof Expressions&amp;apos; is only available with source level 16 and above
	browser cannot be resolved to a type
">
      <![CDATA[java.lang.Error: Unresolved compilation problems: 
Syntax error on token "enter", instanceof expected after this token
enter cannot be resolved to a variable
The Java feature 'Pattern Matching in instanceof Expressions' is only available with source level 16 and above
browser cannot be resolved to a type

at resources.BaseClass.initbrowser(BaseClass.java:36)
at testcases.testcase1.method1(testcase1.java:14)
at java.base/java.util.ArrayList.forEach(ArrayList.java:1511)
... Removed 27 stack frames]]>
    </failure>
  </testcase> <!-- method1 -->
</testsuite> <!-- Test -->
